  camera.cpp
  cJSON.cpp
  box.cpp
  box_bld.cpp
C:\Users\info\Dropbox\Mi PC (DESKTOP-UU9ICR2)\Desktop\GTR_Framework\src\extra\coldet\box_bld.cpp(134,21): warning C4018: '<': no coinciden signed/unsigned
  coldet.cpp
  coldet_bld.cpp
  math3d.cpp
  mytritri.cpp
C:\Users\info\Dropbox\Mi PC (DESKTOP-UU9ICR2)\Desktop\GTR_Framework\src\extra\coldet\coldet.cpp(374,10): warning C4244: 'inicializando': conversión de 'double' a 'float'; posible pérdida de datos
  sysdep.cpp
  tritri.cpp
  hdre.cpp
C:\Users\info\Dropbox\Mi PC (DESKTOP-UU9ICR2)\Desktop\GTR_Framework\src\camera.cpp(116,11): warning C4244: 'inicializando': conversión de 'double' a 'float'; posible pérdida de datos
C:\Users\info\Dropbox\Mi PC (DESKTOP-UU9ICR2)\Desktop\GTR_Framework\src\camera.cpp(125,13): warning C4244: 'argumento': conversión de 'double' a 'float'; posible pérdida de datos
C:\Users\info\Dropbox\Mi PC (DESKTOP-UU9ICR2)\Desktop\GTR_Framework\src\camera.cpp(346,70): warning C4305: 'argumento': truncamiento de 'double' a 'float'
C:\Users\info\Dropbox\Mi PC (DESKTOP-UU9ICR2)\Desktop\GTR_Framework\src\camera.cpp(351,69): warning C4305: 'argumento': truncamiento de 'double' a 'float'
  ImCurveEdit.cpp
  ImGradient.cpp
  imgui.cpp
  ImGuizmo.cpp
  imgui_demo.cpp
  imgui_impl_opengl3.cpp
  imgui_impl_sdl.cpp
  imgui_widgets.cpp
  ImSequencer.cpp
C:\Users\info\Dropbox\Mi PC (DESKTOP-UU9ICR2)\Desktop\GTR_Framework\src\extra\hdre.cpp(140,11): warning C4244: '=': conversión de 'double' a 'int'; posible pérdida de datos
C:\Users\info\Dropbox\Mi PC (DESKTOP-UU9ICR2)\Desktop\GTR_Framework\src\extra\hdre.cpp(201,11): warning C4244: '=': conversión de 'double' a 'int'; posible pérdida de datos
C:\Users\info\Dropbox\Mi PC (DESKTOP-UU9ICR2)\Desktop\GTR_Framework\src\extra\hdre.cpp(108,12): warning C4996: 'fopen': This function or variable may be unsafe. Consider using fopen_s instead. To disable deprecation, use _CRT_SECURE_NO_WARNINGS. See online help for details.
  jpgd.cpp
  picopng.cpp
  textparser.cpp
  fbo.cpp
  framework.cpp
  application.cpp
  gltf_loader.cpp
C:\Users\info\Dropbox\Mi PC (DESKTOP-UU9ICR2)\Desktop\GTR_Framework\src\framework.cpp(49,4): warning C4996: 'strncpy': This function or variable may be unsafe. Consider using strncpy_s instead. To disable deprecation, use _CRT_SECURE_NO_WARNINGS. See online help for details.
C:\Users\info\Dropbox\Mi PC (DESKTOP-UU9ICR2)\Desktop\GTR_Framework\src\framework.cpp(151,4): warning C4996: 'strncpy': This function or variable may be unsafe. Consider using strncpy_s instead. To disable deprecation, use _CRT_SECURE_NO_WARNINGS. See online help for details.
C:\Users\info\Dropbox\Mi PC (DESKTOP-UU9ICR2)\Desktop\GTR_Framework\src\framework.cpp(184,18): warning C4244: 'argumento': conversión de 'double' a 'float'; posible pérdida de datos
C:\Users\info\Dropbox\Mi PC (DESKTOP-UU9ICR2)\Desktop\GTR_Framework\src\framework.cpp(1282,34): warning C4244: 'argumento': conversión de 'double' a 'float'; posible pérdida de datos
C:\Users\info\Dropbox\Mi PC (DESKTOP-UU9ICR2)\Desktop\GTR_Framework\src\framework.cpp(1400,32): warning C4244: '=': conversión de 'double' a 'float'; posible pérdida de datos
C:\Users\info\Dropbox\Mi PC (DESKTOP-UU9ICR2)\Desktop\GTR_Framework\src\framework.cpp(1405,32): warning C4244: '=': conversión de 'double' a 'float'; posible pérdida de datos
  input.cpp
C:\Users\info\Dropbox\Mi PC (DESKTOP-UU9ICR2)\Desktop\GTR_Framework\src\extra\cgltf.h(771,15): warning C4996: 'fopen': This function or variable may be unsafe. Consider using fopen_s instead. To disable deprecation, use _CRT_SECURE_NO_WARNINGS. See online help for details. (compilando archivo de origen ..\..\src\gltf_loader.cpp)
C:\Users\info\Dropbox\Mi PC (DESKTOP-UU9ICR2)\Desktop\GTR_Framework\src\extra\cgltf.h(1006,3): warning C4996: 'strcpy': This function or variable may be unsafe. Consider using strcpy_s instead. To disable deprecation, use _CRT_SECURE_NO_WARNINGS. See online help for details. (compilando archivo de origen ..\..\src\gltf_loader.cpp)
C:\Users\info\Dropbox\Mi PC (DESKTOP-UU9ICR2)\Desktop\GTR_Framework\src\extra\cgltf.h(1010,3): warning C4996: 'strcpy': This function or variable may be unsafe. Consider using strcpy_s instead. To disable deprecation, use _CRT_SECURE_NO_WARNINGS. See online help for details. (compilando archivo de origen ..\..\src\gltf_loader.cpp)
C:\Users\info\Dropbox\Mi PC (DESKTOP-UU9ICR2)\Desktop\GTR_Framework\src\extra\cgltf.h(1005,3): warning C4996: 'strncpy': This function or variable may be unsafe. Consider using strncpy_s instead. To disable deprecation, use _CRT_SECURE_NO_WARNINGS. See online help for details. (compilando archivo de origen ..\..\src\gltf_loader.cpp)
C:\Users\info\Dropbox\Mi PC (DESKTOP-UU9ICR2)\Desktop\GTR_Framework\src\extra\cgltf.h(1415,3): warning C4996: 'strncpy': This function or variable may be unsafe. Consider using strncpy_s instead. To disable deprecation, use _CRT_SECURE_NO_WARNINGS. See online help for details. (compilando archivo de origen ..\..\src\gltf_loader.cpp)
C:\Users\info\Dropbox\Mi PC (DESKTOP-UU9ICR2)\Desktop\GTR_Framework\src\extra\cgltf.h(1420,3): warning C4996: 'strncpy': This function or variable may be unsafe. Consider using strncpy_s instead. To disable deprecation, use _CRT_SECURE_NO_WARNINGS. See online help for details. (compilando archivo de origen ..\..\src\gltf_loader.cpp)
C:\Users\info\Dropbox\Mi PC (DESKTOP-UU9ICR2)\Desktop\GTR_Framework\src\extra\cgltf.h(1965,2): warning C4996: 'strncpy': This function or variable may be unsafe. Consider using strncpy_s instead. To disable deprecation, use _CRT_SECURE_NO_WARNINGS. See online help for details. (compilando archivo de origen ..\..\src\gltf_loader.cpp)
C:\Users\info\Dropbox\Mi PC (DESKTOP-UU9ICR2)\Desktop\GTR_Framework\src\extra\cgltf.h(1975,2): warning C4996: 'strncpy': This function or variable may be unsafe. Consider using strncpy_s instead. To disable deprecation, use _CRT_SECURE_NO_WARNINGS. See online help for details. (compilando archivo de origen ..\..\src\gltf_loader.cpp)
C:\Users\info\Dropbox\Mi PC (DESKTOP-UU9ICR2)\Desktop\GTR_Framework\src\extra\cgltf.h(2054,2): warning C4996: 'strncpy': This function or variable may be unsafe. Consider using strncpy_s instead. To disable deprecation, use _CRT_SECURE_NO_WARNINGS. See online help for details. (compilando archivo de origen ..\..\src\gltf_loader.cpp)
C:\Users\info\Dropbox\Mi PC (DESKTOP-UU9ICR2)\Desktop\GTR_Framework\src\fbo.cpp(112,24): warning C4244: '=': conversión de 'float' a 'int'; posible pérdida de datos
C:\Users\info\Dropbox\Mi PC (DESKTOP-UU9ICR2)\Desktop\GTR_Framework\src\fbo.cpp(113,25): warning C4244: '=': conversión de 'float' a 'int'; posible pérdida de datos
C:\Users\info\Dropbox\Mi PC (DESKTOP-UU9ICR2)\Desktop\GTR_Framework\src\fbo.cpp(143,24): warning C4018: '<': no coinciden signed/unsigned
C:\Users\info\Dropbox\Mi PC (DESKTOP-UU9ICR2)\Desktop\GTR_Framework\src\scene.h(9,12): warning C4099: 'cJSON': nombre de tipo visto anteriormente usando 'struct' ahora se ve usando 'class' (compilando archivo de origen ..\..\src\application.cpp)
C:\Users\info\Dropbox\Mi PC (DESKTOP-UU9ICR2)\Desktop\GTR_Framework\src\extra\cJSON.h(103): message : vea la declaración de 'cJSON' (compilando archivo de origen ..\..\src\application.cpp)
C:\Users\info\Dropbox\Mi PC (DESKTOP-UU9ICR2)\Desktop\GTR_Framework\src\application.cpp(120,14): warning C4244: 'inicializando': conversión de 'double' a 'float'; posible pérdida de datos
C:\Users\info\Dropbox\Mi PC (DESKTOP-UU9ICR2)\Desktop\GTR_Framework\src\application.cpp(121,20): warning C4244: 'inicializando': conversión de 'double' a 'float'; posible pérdida de datos
C:\Users\info\Dropbox\Mi PC (DESKTOP-UU9ICR2)\Desktop\GTR_Framework\src\application.cpp(137,55): warning C4244: 'argumento': conversión de 'double' a 'float'; posible pérdida de datos
C:\Users\info\Dropbox\Mi PC (DESKTOP-UU9ICR2)\Desktop\GTR_Framework\src\application.cpp(139,55): warning C4244: 'argumento': conversión de 'double' a 'float'; posible pérdida de datos
C:\Users\info\Dropbox\Mi PC (DESKTOP-UU9ICR2)\Desktop\GTR_Framework\src\application.cpp(264,20): warning C4018: '<': no coinciden signed/unsigned
C:\Users\info\Dropbox\Mi PC (DESKTOP-UU9ICR2)\Desktop\GTR_Framework\src\application.cpp(357,36): warning C4244: '*=': conversión de 'double' a 'float'; posible pérdida de datos
C:\Users\info\Dropbox\Mi PC (DESKTOP-UU9ICR2)\Desktop\GTR_Framework\src\application.cpp(359,35): warning C4244: 'argumento': conversión de 'double' a 'float'; posible pérdida de datos
  main.cpp
  material.cpp
C:\Users\info\Dropbox\Mi PC (DESKTOP-UU9ICR2)\Desktop\GTR_Framework\src\extra\cJSON.h(104,1): warning C4099: 'cJSON': nombre de tipo visto anteriormente usando 'class' ahora se ve usando 'struct' (compilando archivo de origen ..\..\src\gltf_loader.cpp)
C:\Users\info\Dropbox\Mi PC (DESKTOP-UU9ICR2)\Desktop\GTR_Framework\src\extra\cJSON.h(103): message : vea la declaración de 'cJSON' (compilando archivo de origen ..\..\src\gltf_loader.cpp)
C:\Users\info\Dropbox\Mi PC (DESKTOP-UU9ICR2)\Desktop\GTR_Framework\src\gltf_loader.cpp(61,20): warning C4018: '<': no coinciden signed/unsigned
C:\Users\info\Dropbox\Mi PC (DESKTOP-UU9ICR2)\Desktop\GTR_Framework\src\gltf_loader.cpp(71,13): warning C4018: '<': no coinciden signed/unsigned
C:\Users\info\Dropbox\Mi PC (DESKTOP-UU9ICR2)\Desktop\GTR_Framework\src\gltf_loader.cpp(114,20): warning C4018: '<': no coinciden signed/unsigned
C:\Users\info\Dropbox\Mi PC (DESKTOP-UU9ICR2)\Desktop\GTR_Framework\src\gltf_loader.cpp(141,20): warning C4018: '<': no coinciden signed/unsigned
C:\Users\info\Dropbox\Mi PC (DESKTOP-UU9ICR2)\Desktop\GTR_Framework\src\gltf_loader.cpp(163,20): warning C4018: '<': no coinciden signed/unsigned
C:\Users\info\Dropbox\Mi PC (DESKTOP-UU9ICR2)\Desktop\GTR_Framework\src\gltf_loader.cpp(183,21): warning C4018: '<': no coinciden signed/unsigned
C:\Users\info\Dropbox\Mi PC (DESKTOP-UU9ICR2)\Desktop\GTR_Framework\src\gltf_loader.cpp(397,22): warning C4018: '<': no coinciden signed/unsigned
C:\Users\info\Dropbox\Mi PC (DESKTOP-UU9ICR2)\Desktop\GTR_Framework\src\gltf_loader.cpp(426,20): warning C4018: '<': no coinciden signed/unsigned
C:\Users\info\Dropbox\Mi PC (DESKTOP-UU9ICR2)\Desktop\GTR_Framework\src\input.cpp(138,24): warning C4244: '=': conversión de 'float' a 'char'; posible pérdida de datos
C:\Users\info\Dropbox\Mi PC (DESKTOP-UU9ICR2)\Desktop\GTR_Framework\src\input.cpp(146,19): warning C4305: 'inicializando': truncamiento de 'double' a 'float'
C:\Users\info\Dropbox\Mi PC (DESKTOP-UU9ICR2)\Desktop\GTR_Framework\src\gltf_loader.cpp(471,2): warning C4996: 'strcpy': This function or variable may be unsafe. Consider using strcpy_s instead. To disable deprecation, use _CRT_SECURE_NO_WARNINGS. See online help for details.
C:\Users\info\Dropbox\Mi PC (DESKTOP-UU9ICR2)\Desktop\GTR_Framework\src\gltf_loader.cpp(491,22): warning C4018: '<': no coinciden signed/unsigned
  mesh.cpp
  renderer.cpp
C:\Users\info\Dropbox\Mi PC (DESKTOP-UU9ICR2)\Desktop\GTR_Framework\src\main.cpp(156,46): warning C4244: '=': conversión de 'Sint32' a 'float'; posible pérdida de datos
C:\Users\info\Dropbox\Mi PC (DESKTOP-UU9ICR2)\Desktop\GTR_Framework\src\main.cpp(191,23): warning C4244: '=': conversión de 'double' a 'float'; posible pérdida de datos
C:\Users\info\Dropbox\Mi PC (DESKTOP-UU9ICR2)\Desktop\GTR_Framework\src\material.cpp(71,9): warning C4244: 'inicializando': conversión de 'float' a 'int'; posible pérdida de datos
C:\Users\info\Dropbox\Mi PC (DESKTOP-UU9ICR2)\Desktop\GTR_Framework\src\material.cpp(73,75): warning C4244: 'argumento': conversión de 'int' a 'float'; posible pérdida de datos
  prefab.cpp
  scene.cpp
C:\Users\info\Dropbox\Mi PC (DESKTOP-UU9ICR2)\Desktop\GTR_Framework\src\mesh.cpp(496,1): warning C4005: 'glGenBuffersARB': redefinición de macro
C:\Users\info\Dropbox\Mi PC (DESKTOP-UU9ICR2)\Desktop\GTR_Framework\visualstudio\libs\include\GL\glew.h(7631): message : vea la definición anterior de 'glGenBuffersARB' (compilando archivo de origen ..\..\src\mesh.cpp)
C:\Users\info\Dropbox\Mi PC (DESKTOP-UU9ICR2)\Desktop\GTR_Framework\src\mesh.cpp(497,1): warning C4005: 'glBindBufferARB': redefinición de macro
C:\Users\info\Dropbox\Mi PC (DESKTOP-UU9ICR2)\Desktop\GTR_Framework\visualstudio\libs\include\GL\glew.h(7627): message : vea la definición anterior de 'glBindBufferARB' (compilando archivo de origen ..\..\src\mesh.cpp)
C:\Users\info\Dropbox\Mi PC (DESKTOP-UU9ICR2)\Desktop\GTR_Framework\src\mesh.cpp(498,1): warning C4005: 'glBufferDataARB': redefinición de macro
C:\Users\info\Dropbox\Mi PC (DESKTOP-UU9ICR2)\Desktop\GTR_Framework\visualstudio\libs\include\GL\glew.h(7628): message : vea la definición anterior de 'glBufferDataARB' (compilando archivo de origen ..\..\src\mesh.cpp)
C:\Users\info\Dropbox\Mi PC (DESKTOP-UU9ICR2)\Desktop\GTR_Framework\src\mesh.cpp(499,1): warning C4005: 'GL_ARRAY_BUFFER_ARB': redefinición de macro
C:\Users\info\Dropbox\Mi PC (DESKTOP-UU9ICR2)\Desktop\GTR_Framework\visualstudio\libs\include\GL\glew.h(7582): message : vea la definición anterior de 'GL_ARRAY_BUFFER_ARB' (compilando archivo de origen ..\..\src\mesh.cpp)
C:\Users\info\Dropbox\Mi PC (DESKTOP-UU9ICR2)\Desktop\GTR_Framework\src\mesh.cpp(500,1): warning C4005: 'GL_STATIC_DRAW_ARB': redefinición de macro
C:\Users\info\Dropbox\Mi PC (DESKTOP-UU9ICR2)\Desktop\GTR_Framework\visualstudio\libs\include\GL\glew.h(7605): message : vea la definición anterior de 'GL_STATIC_DRAW_ARB' (compilando archivo de origen ..\..\src\mesh.cpp)
C:\Users\info\Dropbox\Mi PC (DESKTOP-UU9ICR2)\Desktop\GTR_Framework\src\mesh.cpp(764,6): warning C4996: 'fopen': This function or variable may be unsafe. Consider using fopen_s instead. To disable deprecation, use _CRT_SECURE_NO_WARNINGS. See online help for details.
C:\Users\info\Dropbox\Mi PC (DESKTOP-UU9ICR2)\Desktop\GTR_Framework\src\mesh.cpp(881,12): warning C4996: 'fopen': This function or variable may be unsafe. Consider using fopen_s instead. To disable deprecation, use _CRT_SECURE_NO_WARNINGS. See online help for details.
C:\Users\info\Dropbox\Mi PC (DESKTOP-UU9ICR2)\Desktop\GTR_Framework\src\mesh.cpp(1136,50): warning C4244: 'argumento': conversión de 'double' a 'float'; posible pérdida de datos
C:\Users\info\Dropbox\Mi PC (DESKTOP-UU9ICR2)\Desktop\GTR_Framework\src\mesh.cpp(1158,5): warning C4996: 'strcpy': This function or variable may be unsafe. Consider using strcpy_s instead. To disable deprecation, use _CRT_SECURE_NO_WARNINGS. See online help for details.
C:\Users\info\Dropbox\Mi PC (DESKTOP-UU9ICR2)\Desktop\GTR_Framework\src\mesh.cpp(1162,5): warning C4996: 'strcpy': This function or variable may be unsafe. Consider using strcpy_s instead. To disable deprecation, use _CRT_SECURE_NO_WARNINGS. See online help for details.
C:\Users\info\Dropbox\Mi PC (DESKTOP-UU9ICR2)\Desktop\GTR_Framework\src\mesh.cpp(1172,5): warning C4996: 'strcpy': This function or variable may be unsafe. Consider using strcpy_s instead. To disable deprecation, use _CRT_SECURE_NO_WARNINGS. See online help for details.
C:\Users\info\Dropbox\Mi PC (DESKTOP-UU9ICR2)\Desktop\GTR_Framework\src\mesh.cpp(1273,27): warning C4244: 'argumento': conversión de 'double' a 'const unsigned int'; posible pérdida de datos
C:\Users\info\Dropbox\Mi PC (DESKTOP-UU9ICR2)\Desktop\GTR_Framework\src\mesh.cpp(1274,23): warning C4018: '<': no coinciden signed/unsigned
C:\Users\info\Dropbox\Mi PC (DESKTOP-UU9ICR2)\Desktop\GTR_Framework\src\mesh.cpp(1222,12): warning C4996: 'fopen': This function or variable may be unsafe. Consider using fopen_s instead. To disable deprecation, use _CRT_SECURE_NO_WARNINGS. See online help for details.
C:\Users\info\Dropbox\Mi PC (DESKTOP-UU9ICR2)\Desktop\GTR_Framework\src\mesh.cpp(1412,40): warning C4244: 'argumento': conversión de 'double' a 'float'; posible pérdida de datos
C:\Users\info\Dropbox\Mi PC (DESKTOP-UU9ICR2)\Desktop\GTR_Framework\src\mesh.cpp(1412,25): warning C4244: 'argumento': conversión de 'double' a 'float'; posible pérdida de datos
C:\Users\info\Dropbox\Mi PC (DESKTOP-UU9ICR2)\Desktop\GTR_Framework\src\mesh.cpp(1414,44): warning C4244: 'argumento': conversión de 'double' a 'float'; posible pérdida de datos
C:\Users\info\Dropbox\Mi PC (DESKTOP-UU9ICR2)\Desktop\GTR_Framework\src\mesh.cpp(1414,31): warning C4244: 'argumento': conversión de 'double' a 'float'; posible pérdida de datos
C:\Users\info\Dropbox\Mi PC (DESKTOP-UU9ICR2)\Desktop\GTR_Framework\src\mesh.cpp(1415,31): warning C4244: 'argumento': conversión de 'double' a 'float'; posible pérdida de datos
C:\Users\info\Dropbox\Mi PC (DESKTOP-UU9ICR2)\Desktop\GTR_Framework\src\mesh.cpp(1422,44): warning C4244: 'argumento': conversión de 'double' a 'float'; posible pérdida de datos
C:\Users\info\Dropbox\Mi PC (DESKTOP-UU9ICR2)\Desktop\GTR_Framework\src\mesh.cpp(1422,31): warning C4244: 'argumento': conversión de 'double' a 'float'; posible pérdida de datos
C:\Users\info\Dropbox\Mi PC (DESKTOP-UU9ICR2)\Desktop\GTR_Framework\src\mesh.cpp(1424,43): warning C4244: 'argumento': conversión de 'double' a 'float'; posible pérdida de datos
C:\Users\info\Dropbox\Mi PC (DESKTOP-UU9ICR2)\Desktop\GTR_Framework\src\mesh.cpp(1437,30): warning C4244: '=': conversión de 'double' a 'float'; posible pérdida de datos
C:\Users\info\Dropbox\Mi PC (DESKTOP-UU9ICR2)\Desktop\GTR_Framework\src\mesh.cpp(1460,30): warning C4244: '=': conversión de 'double' a 'float'; posible pérdida de datos
C:\Users\info\Dropbox\Mi PC (DESKTOP-UU9ICR2)\Desktop\GTR_Framework\src\mesh.cpp(1489,21): warning C4018: '<': no coinciden signed/unsigned
C:\Users\info\Dropbox\Mi PC (DESKTOP-UU9ICR2)\Desktop\GTR_Framework\src\mesh.cpp(1498,21): warning C4018: '<': no coinciden signed/unsigned
C:\Users\info\Dropbox\Mi PC (DESKTOP-UU9ICR2)\Desktop\GTR_Framework\src\extra\cJSON.h(104,1): warning C4099: 'cJSON': nombre de tipo visto anteriormente usando 'class' ahora se ve usando 'struct' (compilando archivo de origen ..\..\src\renderer.cpp)
C:\Users\info\Dropbox\Mi PC (DESKTOP-UU9ICR2)\Desktop\GTR_Framework\src\extra\cJSON.h(103): message : vea la declaración de 'cJSON' (compilando archivo de origen ..\..\src\renderer.cpp)
C:\Users\info\Dropbox\Mi PC (DESKTOP-UU9ICR2)\Desktop\GTR_Framework\src\renderer.cpp(49,20): warning C4018: '<': no coinciden signed/unsigned
C:\Users\info\Dropbox\Mi PC (DESKTOP-UU9ICR2)\Desktop\GTR_Framework\src\renderer.cpp(75,20): warning C4018: '<': no coinciden signed/unsigned
C:\Users\info\Dropbox\Mi PC (DESKTOP-UU9ICR2)\Desktop\GTR_Framework\src\renderer.cpp(83,20): warning C4018: '<': no coinciden signed/unsigned
C:\Users\info\Dropbox\Mi PC (DESKTOP-UU9ICR2)\Desktop\GTR_Framework\src\renderer.cpp(131,20): warning C4018: '<': no coinciden signed/unsigned
C:\Users\info\Dropbox\Mi PC (DESKTOP-UU9ICR2)\Desktop\GTR_Framework\src\renderer.cpp(169,23): warning C4018: '<': no coinciden signed/unsigned
C:\Users\info\Dropbox\Mi PC (DESKTOP-UU9ICR2)\Desktop\GTR_Framework\src\renderer.cpp(240,10): warning C4244: 'inicializando': conversión de 'long' a 'float'; posible pérdida de datos
C:\Users\info\Dropbox\Mi PC (DESKTOP-UU9ICR2)\Desktop\GTR_Framework\src\renderer.cpp(297,22): warning C4018: '<': no coinciden signed/unsigned
C:\Users\info\Dropbox\Mi PC (DESKTOP-UU9ICR2)\Desktop\GTR_Framework\src\renderer.cpp(309,91): warning C4244: 'argumento': conversión de 'double' a 'float'; posible pérdida de datos
C:\Users\info\Dropbox\Mi PC (DESKTOP-UU9ICR2)\Desktop\GTR_Framework\src\renderer.cpp(345,22): warning C4018: '<': no coinciden signed/unsigned
C:\Users\info\Dropbox\Mi PC (DESKTOP-UU9ICR2)\Desktop\GTR_Framework\src\renderer.cpp(351,80): warning C4244: 'argumento': conversión de 'double' a 'float'; posible pérdida de datos
C:\Users\info\Dropbox\Mi PC (DESKTOP-UU9ICR2)\Desktop\GTR_Framework\src\renderer.cpp(443,85): warning C4305: 'argumento': truncamiento de 'double' a 'float'
C:\Users\info\Dropbox\Mi PC (DESKTOP-UU9ICR2)\Desktop\GTR_Framework\src\renderer.cpp(450,116): warning C4305: 'argumento': truncamiento de 'double' a 'float'
C:\Users\info\Dropbox\Mi PC (DESKTOP-UU9ICR2)\Desktop\GTR_Framework\src\renderer.cpp(455,21): warning C4018: '<': no coinciden signed/unsigned
  shader.cpp
C:\Users\info\Dropbox\Mi PC (DESKTOP-UU9ICR2)\Desktop\GTR_Framework\src\extra\cJSON.h(104,1): warning C4099: 'cJSON': nombre de tipo visto anteriormente usando 'class' ahora se ve usando 'struct' (compilando archivo de origen ..\..\src\scene.cpp)
C:\Users\info\Dropbox\Mi PC (DESKTOP-UU9ICR2)\Desktop\GTR_Framework\src\extra\cJSON.h(103): message : vea la declaración de 'cJSON' (compilando archivo de origen ..\..\src\scene.cpp)
  sphericalharmonics.cpp
C:\Users\info\Dropbox\Mi PC (DESKTOP-UU9ICR2)\Desktop\GTR_Framework\src\extra\cJSON.h(104,1): warning C4099: 'cJSON': nombre de tipo visto anteriormente usando 'class' ahora se ve usando 'struct' (compilando archivo de origen ..\..\src\prefab.cpp)
C:\Users\info\Dropbox\Mi PC (DESKTOP-UU9ICR2)\Desktop\GTR_Framework\src\extra\cJSON.h(103): message : vea la declaración de 'cJSON' (compilando archivo de origen ..\..\src\prefab.cpp)
C:\Users\info\Dropbox\Mi PC (DESKTOP-UU9ICR2)\Desktop\GTR_Framework\src\prefab.cpp(41,20): warning C4018: '<': no coinciden signed/unsigned
C:\Users\info\Dropbox\Mi PC (DESKTOP-UU9ICR2)\Desktop\GTR_Framework\src\prefab.cpp(55,20): warning C4018: '<': no coinciden signed/unsigned
C:\Users\info\Dropbox\Mi PC (DESKTOP-UU9ICR2)\Desktop\GTR_Framework\src\prefab.cpp(63,20): warning C4018: '<': no coinciden signed/unsigned
C:\Users\info\Dropbox\Mi PC (DESKTOP-UU9ICR2)\Desktop\GTR_Framework\src\prefab.cpp(79,20): warning C4018: '<': no coinciden signed/unsigned
C:\Users\info\Dropbox\Mi PC (DESKTOP-UU9ICR2)\Desktop\GTR_Framework\src\prefab.cpp(108,20): warning C4018: '<': no coinciden signed/unsigned
C:\Users\info\Dropbox\Mi PC (DESKTOP-UU9ICR2)\Desktop\GTR_Framework\src\prefab.cpp(138,20): warning C4018: '<': no coinciden signed/unsigned
C:\Users\info\Dropbox\Mi PC (DESKTOP-UU9ICR2)\Desktop\GTR_Framework\src\prefab.cpp(170,22): warning C4018: '<': no coinciden signed/unsigned
C:\Users\info\Dropbox\Mi PC (DESKTOP-UU9ICR2)\Desktop\GTR_Framework\src\prefab.cpp(243,20): warning C4018: '<': no coinciden signed/unsigned
C:\Users\info\Dropbox\Mi PC (DESKTOP-UU9ICR2)\Desktop\GTR_Framework\src\scene.cpp(18,20): warning C4018: '<': no coinciden signed/unsigned
C:\Users\info\Dropbox\Mi PC (DESKTOP-UU9ICR2)\Desktop\GTR_Framework\src\scene.cpp(92,16): warning C4244: 'inicializando': conversión de 'double' a 'float'; posible pérdida de datos
C:\Users\info\Dropbox\Mi PC (DESKTOP-UU9ICR2)\Desktop\GTR_Framework\src\scene.cpp(93,28): warning C4244: 'argumento': conversión de 'double' a 'float'; posible pérdida de datos
  task.cpp
  texture.cpp
C:\Users\info\Dropbox\Mi PC (DESKTOP-UU9ICR2)\Desktop\GTR_Framework\src\sphericalharmonics.cpp(26,14): warning C4244: 'inicializando': conversión de 'double' a 'float'; posible pérdida de datos
C:\Users\info\Dropbox\Mi PC (DESKTOP-UU9ICR2)\Desktop\GTR_Framework\src\sphericalharmonics.cpp(27,14): warning C4244: 'inicializando': conversión de 'double' a 'float'; posible pérdida de datos
C:\Users\info\Dropbox\Mi PC (DESKTOP-UU9ICR2)\Desktop\GTR_Framework\src\sphericalharmonics.cpp(30,27): warning C4244: 'inicializando': conversión de 'double' a 'float'; posible pérdida de datos
C:\Users\info\Dropbox\Mi PC (DESKTOP-UU9ICR2)\Desktop\GTR_Framework\src\sphericalharmonics.cpp(31,27): warning C4244: 'inicializando': conversión de 'double' a 'float'; posible pérdida de datos
C:\Users\info\Dropbox\Mi PC (DESKTOP-UU9ICR2)\Desktop\GTR_Framework\src\sphericalharmonics.cpp(62,30): warning C4244: 'inicializando': conversión de 'double' a 'float'; posible pérdida de datos
C:\Users\info\Dropbox\Mi PC (DESKTOP-UU9ICR2)\Desktop\GTR_Framework\src\sphericalharmonics.cpp(63,30): warning C4244: 'inicializando': conversión de 'double' a 'float'; posible pérdida de datos
C:\Users\info\Dropbox\Mi PC (DESKTOP-UU9ICR2)\Desktop\GTR_Framework\src\sphericalharmonics.cpp(88,60): warning C4244: 'argumento': conversión de 'int' a 'float'; posible pérdida de datos
C:\Users\info\Dropbox\Mi PC (DESKTOP-UU9ICR2)\Desktop\GTR_Framework\src\sphericalharmonics.cpp(88,54): warning C4244: 'argumento': conversión de 'int' a 'float'; posible pérdida de datos
C:\Users\info\Dropbox\Mi PC (DESKTOP-UU9ICR2)\Desktop\GTR_Framework\src\sphericalharmonics.cpp(88,51): warning C4244: 'argumento': conversión de 'int' a 'float'; posible pérdida de datos
C:\Users\info\Dropbox\Mi PC (DESKTOP-UU9ICR2)\Desktop\GTR_Framework\src\sphericalharmonics.cpp(88,48): warning C4244: 'argumento': conversión de 'int' a 'float'; posible pérdida de datos
C:\Users\info\Dropbox\Mi PC (DESKTOP-UU9ICR2)\Desktop\GTR_Framework\src\sphericalharmonics.cpp(102,78): warning C4244: 'argumento': conversión de 'double' a 'float'; posible pérdida de datos
C:\Users\info\Dropbox\Mi PC (DESKTOP-UU9ICR2)\Desktop\GTR_Framework\src\sphericalharmonics.cpp(102,59): warning C4244: 'argumento': conversión de 'double' a 'float'; posible pérdida de datos
C:\Users\info\Dropbox\Mi PC (DESKTOP-UU9ICR2)\Desktop\GTR_Framework\src\sphericalharmonics.cpp(102,40): warning C4244: 'argumento': conversión de 'double' a 'float'; posible pérdida de datos
C:\Users\info\Dropbox\Mi PC (DESKTOP-UU9ICR2)\Desktop\GTR_Framework\src\sphericalharmonics.cpp(123,54): warning C4244: 'argumento': conversión de 'double' a 'float'; posible pérdida de datos
C:\Users\info\Dropbox\Mi PC (DESKTOP-UU9ICR2)\Desktop\GTR_Framework\src\shader.cpp(178,20): warning C4018: '<': no coinciden signed/unsigned
C:\Users\info\Dropbox\Mi PC (DESKTOP-UU9ICR2)\Desktop\GTR_Framework\src\shader.cpp(217,20): warning C4018: '<': no coinciden signed/unsigned
  utils.cpp
C:\Users\info\Dropbox\Mi PC (DESKTOP-UU9ICR2)\Desktop\GTR_Framework\src\texture.cpp(32,51): warning C4244: 'argumento': conversión de 'unsigned int' a 'float'; posible pérdida de datos
C:\Users\info\Dropbox\Mi PC (DESKTOP-UU9ICR2)\Desktop\GTR_Framework\src\texture.cpp(32,9): warning C4244: 'inicializando': conversión de 'double' a 'int'; posible pérdida de datos
C:\Users\info\Dropbox\Mi PC (DESKTOP-UU9ICR2)\Desktop\GTR_Framework\src\texture.cpp(33,56): warning C4244: 'argumento': conversión de 'unsigned int' a 'float'; posible pérdida de datos
C:\Users\info\Dropbox\Mi PC (DESKTOP-UU9ICR2)\Desktop\GTR_Framework\src\texture.cpp(33,9): warning C4244: 'inicializando': conversión de 'double' a 'int'; posible pérdida de datos
C:\Users\info\Dropbox\Mi PC (DESKTOP-UU9ICR2)\Desktop\GTR_Framework\src\texture.cpp(38,15): warning C4018: '<': no coinciden signed/unsigned
C:\Users\info\Dropbox\Mi PC (DESKTOP-UU9ICR2)\Desktop\GTR_Framework\src\texture.cpp(39,15): warning C4018: '<': no coinciden signed/unsigned
C:\Users\info\Dropbox\Mi PC (DESKTOP-UU9ICR2)\Desktop\GTR_Framework\src\texture.cpp(46,55): warning C4244: 'argumento': conversión de 'unsigned int' a 'float'; posible pérdida de datos
C:\Users\info\Dropbox\Mi PC (DESKTOP-UU9ICR2)\Desktop\GTR_Framework\src\texture.cpp(46,9): warning C4244: 'inicializando': conversión de 'double' a 'int'; posible pérdida de datos
C:\Users\info\Dropbox\Mi PC (DESKTOP-UU9ICR2)\Desktop\GTR_Framework\src\texture.cpp(47,57): warning C4244: 'argumento': conversión de 'unsigned int' a 'float'; posible pérdida de datos
C:\Users\info\Dropbox\Mi PC (DESKTOP-UU9ICR2)\Desktop\GTR_Framework\src\texture.cpp(47,9): warning C4244: 'inicializando': conversión de 'double' a 'int'; posible pérdida de datos
C:\Users\info\Dropbox\Mi PC (DESKTOP-UU9ICR2)\Desktop\GTR_Framework\src\texture.cpp(52,15): warning C4018: '<': no coinciden signed/unsigned
C:\Users\info\Dropbox\Mi PC (DESKTOP-UU9ICR2)\Desktop\GTR_Framework\src\texture.cpp(53,15): warning C4018: '<': no coinciden signed/unsigned
C:\Users\info\Dropbox\Mi PC (DESKTOP-UU9ICR2)\Desktop\GTR_Framework\src\texture.cpp(332,94): warning C4244: 'argumento': conversión de 'float' a 'GLsizei'; posible pérdida de datos
C:\Users\info\Dropbox\Mi PC (DESKTOP-UU9ICR2)\Desktop\GTR_Framework\src\texture.cpp(332,87): warning C4244: 'argumento': conversión de 'float' a 'GLsizei'; posible pérdida de datos
C:\Users\info\Dropbox\Mi PC (DESKTOP-UU9ICR2)\Desktop\GTR_Framework\src\texture.cpp(650,18): warning C4244: '=': conversión de 'float' a 'unsigned int'; posible pérdida de datos
C:\Users\info\Dropbox\Mi PC (DESKTOP-UU9ICR2)\Desktop\GTR_Framework\src\texture.cpp(651,19): warning C4244: '=': conversión de 'float' a 'unsigned int'; posible pérdida de datos
C:\Users\info\Dropbox\Mi PC (DESKTOP-UU9ICR2)\Desktop\GTR_Framework\src\texture.cpp(702,19): warning C4996: 'fopen': This function or variable may be unsafe. Consider using fopen_s instead. To disable deprecation, use _CRT_SECURE_NO_WARNINGS. See online help for details.
C:\Users\info\Dropbox\Mi PC (DESKTOP-UU9ICR2)\Desktop\GTR_Framework\src\texture.cpp(698,12): warning C4101: 'bytesPerPixel': variable local sin referencia
C:\Users\info\Dropbox\Mi PC (DESKTOP-UU9ICR2)\Desktop\GTR_Framework\src\texture.cpp(834,6): warning C4101: 'actual_comps': variable local sin referencia
C:\Users\info\Dropbox\Mi PC (DESKTOP-UU9ICR2)\Desktop\GTR_Framework\src\texture.cpp(900,15): warning C4996: 'fopen': This function or variable may be unsafe. Consider using fopen_s instead. To disable deprecation, use _CRT_SECURE_NO_WARNINGS. See online help for details.
C:\Users\info\Dropbox\Mi PC (DESKTOP-UU9ICR2)\Desktop\GTR_Framework\src\texture.cpp(972,15): warning C4996: 'fopen': This function or variable may be unsafe. Consider using fopen_s instead. To disable deprecation, use _CRT_SECURE_NO_WARNINGS. See online help for details.
C:\Users\info\Dropbox\Mi PC (DESKTOP-UU9ICR2)\Desktop\GTR_Framework\src\texture.cpp(986,15): warning C4996: 'fopen': This function or variable may be unsafe. Consider using fopen_s instead. To disable deprecation, use _CRT_SECURE_NO_WARNINGS. See online help for details.
C:\Users\info\Dropbox\Mi PC (DESKTOP-UU9ICR2)\Desktop\GTR_Framework\src\texture.cpp(1005,18): warning C4244: '=': conversión de 'float' a 'unsigned int'; posible pérdida de datos
C:\Users\info\Dropbox\Mi PC (DESKTOP-UU9ICR2)\Desktop\GTR_Framework\src\texture.cpp(1006,19): warning C4244: '=': conversión de 'float' a 'unsigned int'; posible pérdida de datos
C:\Users\info\Dropbox\Mi PC (DESKTOP-UU9ICR2)\Desktop\GTR_Framework\src\utils.cpp(103,13): warning C4996: 'fopen': This function or variable may be unsafe. Consider using fopen_s instead. To disable deprecation, use _CRT_SECURE_NO_WARNINGS. See online help for details.
C:\Users\info\Dropbox\Mi PC (DESKTOP-UU9ICR2)\Desktop\GTR_Framework\src\utils.cpp(128,7): warning C4996: 'fopen': This function or variable may be unsafe. Consider using fopen_s instead. To disable deprecation, use _CRT_SECURE_NO_WARNINGS. See online help for details.
C:\Users\info\Dropbox\Mi PC (DESKTOP-UU9ICR2)\Desktop\GTR_Framework\src\utils.cpp(184,20): warning C4018: '<': no coinciden signed/unsigned
C:\Users\info\Dropbox\Mi PC (DESKTOP-UU9ICR2)\Desktop\GTR_Framework\src\utils.cpp(185,26): warning C4018: '<': no coinciden signed/unsigned
C:\Users\info\Dropbox\Mi PC (DESKTOP-UU9ICR2)\Desktop\GTR_Framework\src\utils.cpp(333,51): warning C4244: 'argumento': conversión de 'double' a 'float'; posible pérdida de datos
C:\Users\info\Dropbox\Mi PC (DESKTOP-UU9ICR2)\Desktop\GTR_Framework\src\utils.cpp(334,63): warning C4305: 'argumento': truncamiento de 'double' a 'float'
C:\Users\info\Dropbox\Mi PC (DESKTOP-UU9ICR2)\Desktop\GTR_Framework\src\utils.cpp(374,10): warning C4244: '=': conversión de 'double' a 'float'; posible pérdida de datos
C:\Users\info\Dropbox\Mi PC (DESKTOP-UU9ICR2)\Desktop\GTR_Framework\src\utils.cpp(384,16): warning C4244: '=': conversión de 'double' a 'float'; posible pérdida de datos
C:\Users\info\Dropbox\Mi PC (DESKTOP-UU9ICR2)\Desktop\GTR_Framework\src\utils.cpp(406,11): warning C4244: 'inicializando': conversión de 'double' a 'float'; posible pérdida de datos
C:\Users\info\Dropbox\Mi PC (DESKTOP-UU9ICR2)\Desktop\GTR_Framework\src\utils.cpp(408,17): warning C4244: 'argumento': conversión de 'float' a 'const unsigned int'; posible pérdida de datos
C:\Users\info\Dropbox\Mi PC (DESKTOP-UU9ICR2)\Desktop\GTR_Framework\src\utils.cpp(421,12): warning C4244: 'inicializando': conversión de 'double' a 'float'; posible pérdida de datos
C:\Users\info\Dropbox\Mi PC (DESKTOP-UU9ICR2)\Desktop\GTR_Framework\src\utils.cpp(430,14): warning C4018: '>=': no coinciden signed/unsigned
C:\Users\info\Dropbox\Mi PC (DESKTOP-UU9ICR2)\Desktop\GTR_Framework\src\utils.cpp(470,20): warning C4018: '<': no coinciden signed/unsigned
C:\Users\info\Dropbox\Mi PC (DESKTOP-UU9ICR2)\Desktop\GTR_Framework\src\utils.cpp(471,59): warning C4244: 'argumento': conversión de '_Ty' a 'unsigned int'; posible pérdida de datos
          with
          [
              _Ty=float
          ]
C:\Users\info\Dropbox\Mi PC (DESKTOP-UU9ICR2)\Desktop\GTR_Framework\src\utils.cpp(471,44): warning C4244: 'argumento': conversión de '_Ty' a 'unsigned int'; posible pérdida de datos
          with
          [
              _Ty=float
          ]
C:\Users\info\Dropbox\Mi PC (DESKTOP-UU9ICR2)\Desktop\GTR_Framework\src\utils.cpp(471,29): warning C4244: 'argumento': conversión de '_Ty' a 'unsigned int'; posible pérdida de datos
          with
          [
              _Ty=float
          ]
C:\Users\info\Dropbox\Mi PC (DESKTOP-UU9ICR2)\Desktop\GTR_Framework\src\utils.cpp(481,20): warning C4018: '<': no coinciden signed/unsigned
C:\Users\info\Dropbox\Mi PC (DESKTOP-UU9ICR2)\Desktop\GTR_Framework\src\utils.cpp(492,20): warning C4018: '<': no coinciden signed/unsigned
C:\Users\info\Dropbox\Mi PC (DESKTOP-UU9ICR2)\Desktop\GTR_Framework\src\utils.cpp(493,74): warning C4244: 'argumento': conversión de '_Ty' a 'unsigned char'; posible pérdida de datos
          with
          [
              _Ty=float
          ]
C:\Users\info\Dropbox\Mi PC (DESKTOP-UU9ICR2)\Desktop\GTR_Framework\src\utils.cpp(493,59): warning C4244: 'argumento': conversión de '_Ty' a 'unsigned char'; posible pérdida de datos
          with
          [
              _Ty=float
          ]
C:\Users\info\Dropbox\Mi PC (DESKTOP-UU9ICR2)\Desktop\GTR_Framework\src\utils.cpp(493,44): warning C4244: 'argumento': conversión de '_Ty' a 'unsigned char'; posible pérdida de datos
          with
          [
              _Ty=float
          ]
C:\Users\info\Dropbox\Mi PC (DESKTOP-UU9ICR2)\Desktop\GTR_Framework\src\utils.cpp(493,29): warning C4244: 'argumento': conversión de '_Ty' a 'unsigned char'; posible pérdida de datos
          with
          [
              _Ty=float
          ]
C:\Users\info\Dropbox\Mi PC (DESKTOP-UU9ICR2)\Desktop\GTR_Framework\src\utils.cpp(512,17): warning C4244: 'return': conversión de 'double' a 'float'; posible pérdida de datos
C:\Users\info\Dropbox\Mi PC (DESKTOP-UU9ICR2)\Desktop\GTR_Framework\src\utils.cpp(532,20): warning C4018: '<': no coinciden signed/unsigned
C:\Users\info\Dropbox\Mi PC (DESKTOP-UU9ICR2)\Desktop\GTR_Framework\src\utils.cpp(536,23): warning C4244: '=': conversión de 'double' a '_Ty'; posible pérdida de datos
          with
          [
              _Ty=float
          ]
  imgui_draw.cpp
     Creando biblioteca ..\..\framework.lib y objeto ..\..\framework.exp
LINK : warning LNK4098: la biblioteca predeterminada'LIBCMT' entra en conflicto con otras bibliotecas; use la biblioteca /NODEFAULTLIB:biblioteca
  Generando código
  Previous IPDB not found, fall back to full compilation.
  All 4549 functions were compiled because no usable IPDB/IOBJ from previous compilation was found.
  Generación de código finalizada
LINK : warning LNK4286: "___glewDeleteBuffers" importa el símbolo "glew32s.lib(glew.obj)" definido en "imgui_impl_opengl3.obj"
LINK : warning LNK4286: "___glewLinkProgram" importa el símbolo "glew32s.lib(glew.obj)" definido en "imgui_impl_opengl3.obj"
LINK : warning LNK4286: "___glewDeleteShader" importa el símbolo "glew32s.lib(glew.obj)" definido en "imgui_impl_opengl3.obj"
LINK : warning LNK4286: "___glewGenBuffers" importa el símbolo "glew32s.lib(glew.obj)" definido en "imgui_impl_opengl3.obj"
LINK : warning LNK4286: "___glewGetProgramInfoLog" importa el símbolo "glew32s.lib(glew.obj)" definido en "imgui_impl_opengl3.obj"
LINK : warning LNK4286: "___glewDetachShader" importa el símbolo "glew32s.lib(glew.obj)" definido en "imgui_impl_opengl3.obj"
LINK : warning LNK4286: "___glewUniformMatrix4fv" importa el símbolo "glew32s.lib(glew.obj)" definido en "imgui_impl_opengl3.obj"
LINK : warning LNK4286: "___glewBlendEquationSeparate" importa el símbolo "glew32s.lib(glew.obj)" definido en "imgui_impl_opengl3.obj"
LINK : warning LNK4286: "___glewGenVertexArrays" importa el símbolo "glew32s.lib(glew.obj)" definido en "imgui_impl_opengl3.obj"
LINK : warning LNK4286: "___glewBlendEquation" importa el símbolo "glew32s.lib(glew.obj)" definido en "imgui_impl_opengl3.obj"
LINK : warning LNK4286: "___glewShaderSource" importa el símbolo "glew32s.lib(glew.obj)" definido en "imgui_impl_opengl3.obj"
LINK : warning LNK4286: "___glewDeleteProgram" importa el símbolo "glew32s.lib(glew.obj)" definido en "imgui_impl_opengl3.obj"
LINK : warning LNK4286: "___glewActiveTexture" importa el símbolo "glew32s.lib(glew.obj)" definido en "imgui_impl_opengl3.obj"
LINK : warning LNK4286: "___glewAttachShader" importa el símbolo "glew32s.lib(glew.obj)" definido en "imgui_impl_opengl3.obj"
LINK : warning LNK4286: "___glewBufferData" importa el símbolo "glew32s.lib(glew.obj)" definido en "imgui_impl_opengl3.obj"
LINK : warning LNK4286: "___glewGetUniformLocation" importa el símbolo "glew32s.lib(glew.obj)" definido en "imgui_impl_opengl3.obj"
LINK : warning LNK4286: "___glewBlendFuncSeparate" importa el símbolo "glew32s.lib(glew.obj)" definido en "imgui_impl_opengl3.obj"
LINK : warning LNK4286: "___glewDeleteVertexArrays" importa el símbolo "glew32s.lib(glew.obj)" definido en "imgui_impl_opengl3.obj"
LINK : warning LNK4286: "___glewGetProgramiv" importa el símbolo "glew32s.lib(glew.obj)" definido en "imgui_impl_opengl3.obj"
LINK : warning LNK4286: "___glewGetShaderInfoLog" importa el símbolo "glew32s.lib(glew.obj)" definido en "imgui_impl_opengl3.obj"
LINK : warning LNK4286: "___glewUniform1i" importa el símbolo "glew32s.lib(glew.obj)" definido en "imgui_impl_opengl3.obj"
LINK : warning LNK4286: "___glewCreateProgram" importa el símbolo "glew32s.lib(glew.obj)" definido en "imgui_impl_opengl3.obj"
LINK : warning LNK4286: "___glewBindBuffer" importa el símbolo "glew32s.lib(glew.obj)" definido en "imgui_impl_opengl3.obj"
LINK : warning LNK4286: "___glewCreateShader" importa el símbolo "glew32s.lib(glew.obj)" definido en "imgui_impl_opengl3.obj"
LINK : warning LNK4286: "___glewGetAttribLocation" importa el símbolo "glew32s.lib(glew.obj)" definido en "imgui_impl_opengl3.obj"
LINK : warning LNK4286: "___glewCompileShader" importa el símbolo "glew32s.lib(glew.obj)" definido en "imgui_impl_opengl3.obj"
LINK : warning LNK4286: "___glewGetShaderiv" importa el símbolo "glew32s.lib(glew.obj)" definido en "imgui_impl_opengl3.obj"
LINK : warning LNK4286: "___glewDrawElementsBaseVertex" importa el símbolo "glew32s.lib(glew.obj)" definido en "imgui_impl_opengl3.obj"
LINK : warning LNK4286: "___glewVertexAttribPointer" importa el símbolo "glew32s.lib(glew.obj)" definido en "imgui_impl_opengl3.obj"
LINK : warning LNK4286: "___glewUseProgram" importa el símbolo "glew32s.lib(glew.obj)" definido en "imgui_impl_opengl3.obj"
LINK : warning LNK4286: "___glewBindSampler" importa el símbolo "glew32s.lib(glew.obj)" definido en "imgui_impl_opengl3.obj"
LINK : warning LNK4286: "___glewBindVertexArray" importa el símbolo "glew32s.lib(glew.obj)" definido en "imgui_impl_opengl3.obj"
LINK : warning LNK4286: "___glewEnableVertexAttribArray" importa el símbolo "glew32s.lib(glew.obj)" definido en "imgui_impl_opengl3.obj"
glew32s.lib(glew.obj) : warning LNK4099: no se encontró PDB 'vc120.pdb' con 'glew32s.lib(glew.obj)' o en 'C:\Users\info\Dropbox\Mi PC (DESKTOP-UU9ICR2)\Desktop\GTR_Framework\vc120.pdb'; se vinculará el objeto sin tener en cuenta información de depuración
  visualstudio.vcxproj -> C:\Users\info\Dropbox\Mi PC (DESKTOP-UU9ICR2)\Desktop\GTR_Framework\framework.exe
